--------------------------------------------------------------------------------
[Feb 20, 2026 1:57:44.3 PM GMT:ERROR:creative_new_tab_page_ads_util.cc(158)] Successfully saved creative new tab page ads
[Feb 20, 2026 1:57:44.3 PM GMT:ERROR:creative_new_tab_page_ads_util.cc(143)] Successfully saved creative set conversions
[Feb 20, 2026 1:57:46.6 PM GMT:ERROR:creative_new_tab_page_ads_util.cc(158)] Successfully saved creative new tab page ads
[Feb 20, 2026 1:57:46.6 PM GMT:ERROR:creative_new_tab_page_ads_util.cc(143)] Successfully saved creative set conversions
--------------------------------------------------------------------------------
[Feb 20, 2026 2:01:48.2 PM GMT:ERROR:creative_new_tab_page_ads_util.cc(158)] Successfully saved creative new tab page ads
[Feb 20, 2026 2:01:48.2 PM GMT:ERROR:creative_new_tab_page_ads_util.cc(143)] Successfully saved creative set conversions
--------------------------------------------------------------------------------
[Feb 20, 2026 2:08:42.4 PM GMT:ERROR:creative_new_tab_page_ads_util.cc(158)] Successfully saved creative new tab page ads
[Feb 20, 2026 2:08:42.4 PM GMT:ERROR:creative_new_tab_page_ads_util.cc(143)] Successfully saved creative set conversions
--------------------------------------------------------------------------------
[Feb 20, 2026 2:10:17.5 PM GMT:ERROR:creative_new_tab_page_ads_util.cc(158)] Successfully saved creative new tab page ads
[Feb 20, 2026 2:10:17.5 PM GMT:ERROR:creative_new_tab_page_ads_util.cc(143)] Successfully saved creative set conversions
--------------------------------------------------------------------------------
[Feb 20, 2026 2:11:00.8 PM GMT:ERROR:creative_new_tab_page_ads_util.cc(158)] Successfully saved creative new tab page ads
[Feb 20, 2026 2:11:00.8 PM GMT:ERROR:creative_new_tab_page_ads_util.cc(143)] Successfully saved creative set conversions
--------------------------------------------------------------------------------
[Feb 20, 2026 2:14:18.6 PM GMT:ERROR:creative_new_tab_page_ads_util.cc(158)] Successfully saved creative new tab page ads
[Feb 20, 2026 2:14:18.6 PM GMT:ERROR:creative_new_tab_page_ads_util.cc(143)] Successfully saved creative set conversions
--------------------------------------------------------------------------------
[Feb 20, 2026 4:32:14.3 PM GMT:ERROR:creative_new_tab_page_ads_util.cc(158)] Successfully saved creative new tab page ads
[Feb 20, 2026 4:32:14.3 PM GMT:ERROR:creative_new_tab_page_ads_util.cc(143)] Successfully saved creative set conversions
--------------------------------------------------------------------------------
[Feb 21, 2026 1:33:22.3 PM GMT:ERROR:creative_new_tab_page_ads_util.cc(158)] Successfully saved creative new tab page ads
[Feb 21, 2026 1:33:22.3 PM GMT:ERROR:creative_new_tab_page_ads_util.cc(143)] Successfully saved creative set conversions
--------------------------------------------------------------------------------
[Feb 21, 2026 2:14:41.5 PM GMT:ERROR:creative_new_tab_page_ads_util.cc(158)] Successfully saved creative new tab page ads
[Feb 21, 2026 2:14:41.5 PM GMT:ERROR:creative_new_tab_page_ads_util.cc(143)] Successfully saved creative set conversions
--------------------------------------------------------------------------------
[Feb 21, 2026 2:16:48.6 PM GMT:ERROR:creative_new_tab_page_ads_util.cc(158)] Successfully saved creative new tab page ads
[Feb 21, 2026 2:16:48.6 PM GMT:ERROR:creative_new_tab_page_ads_util.cc(143)] Successfully saved creative set conversions
[Feb 21, 2026 2:16:52.2 PM GMT:ERROR:creative_new_tab_page_ads_util.cc(158)] Successfully saved creative new tab page ads
[Feb 21, 2026 2:16:52.2 PM GMT:ERROR:creative_new_tab_page_ads_util.cc(143)] Successfully saved creative set conversions
--------------------------------------------------------------------------------
[Feb 21, 2026 2:19:05.0 PM GMT:ERROR:creative_new_tab_page_ads_util.cc(158)] Successfully saved creative new tab page ads
[Feb 21, 2026 2:19:05.0 PM GMT:ERROR:creative_new_tab_page_ads_util.cc(143)] Successfully saved creative set conversions
--------------------------------------------------------------------------------
[Feb 21, 2026 3:31:10.7 PM GMT:ERROR:creative_new_tab_page_ads_util.cc(158)] Successfully saved creative new tab page ads
[Feb 21, 2026 3:31:10.7 PM GMT:ERROR:creative_new_tab_page_ads_util.cc(143)] Successfully saved creative set conversions
--------------------------------------------------------------------------------
[Feb 21, 2026 3:34:09.9 PM GMT:ERROR:creative_new_tab_page_ads_util.cc(158)] Successfully saved creative new tab page ads
[Feb 21, 2026 3:34:09.9 PM GMT:ERROR:creative_new_tab_page_ads_util.cc(143)] Successfully saved creative set conversions
--------------------------------------------------------------------------------
[Feb 21, 2026 3:40:26.0 PM GMT:ERROR:creative_new_tab_page_ads_util.cc(158)] Successfully saved creative new tab page ads
[Feb 21, 2026 3:40:26.0 PM GMT:ERROR:creative_new_tab_page_ads_util.cc(143)] Successfully saved creative set conversions
--------------------------------------------------------------------------------
[Feb 21, 2026 3:44:34.1 PM GMT:ERROR:creative_new_tab_page_ads_util.cc(158)] Successfully saved creative new tab page ads
[Feb 21, 2026 3:44:34.1 PM GMT:ERROR:creative_new_tab_page_ads_util.cc(143)] Successfully saved creative set conversions
--------------------------------------------------------------------------------
[Feb 21, 2026 3:53:26.4 PM GMT:ERROR:creative_new_tab_page_ads_util.cc(158)] Successfully saved creative new tab page ads
[Feb 21, 2026 3:53:26.4 PM GMT:ERROR:creative_new_tab_page_ads_util.cc(143)] Successfully saved creative set conversions
--------------------------------------------------------------------------------
[Feb 21, 2026 4:59:52.7 PM GMT:ERROR:creative_new_tab_page_ads_util.cc(158)] Successfully saved creative new tab page ads
[Feb 21, 2026 4:59:52.7 PM GMT:ERROR:creative_new_tab_page_ads_util.cc(143)] Successfully saved creative set conversions
--------------------------------------------------------------------------------
[Feb 21, 2026 5:00:27.4 PM GMT:ERROR:creative_new_tab_page_ads_util.cc(158)] Successfully saved creative new tab page ads
[Feb 21, 2026 5:00:27.4 PM GMT:ERROR:creative_new_tab_page_ads_util.cc(143)] Successfully saved creative set conversions
--------------------------------------------------------------------------------
[Feb 21, 2026 5:25:02.9 PM GMT:ERROR:creative_new_tab_page_ads_util.cc(158)] Successfully saved creative new tab page ads
[Feb 21, 2026 5:25:02.9 PM GMT:ERROR:creative_new_tab_page_ads_util.cc(143)] Successfully saved creative set conversions
--------------------------------------------------------------------------------
[Feb 22, 2026 1:07:42.9 PM GMT:ERROR:creative_new_tab_page_ads_util.cc(158)] Successfully saved creative new tab page ads
[Feb 22, 2026 1:07:42.9 PM GMT:ERROR:creative_new_tab_page_ads_util.cc(143)] Successfully saved creative set conversions
[Feb 22, 2026 1:07:46.8 PM GMT:ERROR:creative_new_tab_page_ads_util.cc(158)] Successfully saved creative new tab page ads
[Feb 22, 2026 1:07:46.8 PM GMT:ERROR:creative_new_tab_page_ads_util.cc(143)] Successfully saved creative set conversions
--------------------------------------------------------------------------------
[Feb 22, 2026 1:12:02.5 PM GMT:ERROR:creative_new_tab_page_ads_util.cc(158)] Successfully saved creative new tab page ads
[Feb 22, 2026 1:12:02.5 PM GMT:ERROR:creative_new_tab_page_ads_util.cc(143)] Successfully saved creative set conversions
--------------------------------------------------------------------------------
[Feb 22, 2026 4:32:01.1 PM GMT:ERROR:creative_new_tab_page_ads_util.cc(158)] Successfully saved creative new tab page ads
[Feb 22, 2026 4:32:01.1 PM GMT:ERROR:creative_new_tab_page_ads_util.cc(143)] Successfully saved creative set conversions
--------------------------------------------------------------------------------
[Feb 23, 2026 9:16:30.4 AM GMT:ERROR:creative_new_tab_page_ads_util.cc(158)] Successfully saved creative new tab page ads
[Feb 23, 2026 9:16:30.4 AM GMT:ERROR:creative_new_tab_page_ads_util.cc(143)] Successfully saved creative set conversions
[Feb 23, 2026 9:17:31.9 AM GMT:ERROR:creative_new_tab_page_ads_util.cc(158)] Successfully saved creative new tab page ads
[Feb 23, 2026 9:17:31.9 AM GMT:ERROR:creative_new_tab_page_ads_util.cc(143)] Successfully saved creative set conversions
--------------------------------------------------------------------------------
[Feb 23, 2026 9:18:26.5 AM GMT:ERROR:creative_new_tab_page_ads_util.cc(158)] Successfully saved creative new tab page ads
[Feb 23, 2026 9:18:26.5 AM GMT:ERROR:creative_new_tab_page_ads_util.cc(143)] Successfully saved creative set conversions
--------------------------------------------------------------------------------
[Feb 23, 2026 2:11:45.2 PM GMT:ERROR:creative_new_tab_page_ads_util.cc(158)] Successfully saved creative new tab page ads
[Feb 23, 2026 2:11:45.2 PM GMT:ERROR:creative_new_tab_page_ads_util.cc(143)] Successfully saved creative set conversions
--------------------------------------------------------------------------------
[Feb 23, 2026 2:30:03.7 PM GMT:ERROR:creative_new_tab_page_ads_util.cc(158)] Successfully saved creative new tab page ads
[Feb 23, 2026 2:30:03.7 PM GMT:ERROR:creative_new_tab_page_ads_util.cc(143)] Successfully saved creative set conversions
--------------------------------------------------------------------------------
[Feb 23, 2026 2:54:01.3 PM GMT:ERROR:creative_new_tab_page_ads_util.cc(158)] Successfully saved creative new tab page ads
[Feb 23, 2026 2:54:01.3 PM GMT:ERROR:creative_new_tab_page_ads_util.cc(143)] Successfully saved creative set conversions
--------------------------------------------------------------------------------
[Feb 23, 2026 4:43:09.2 PM GMT:ERROR:creative_new_tab_page_ads_util.cc(158)] Successfully saved creative new tab page ads
[Feb 23, 2026 4:43:09.2 PM GMT:ERROR:creative_new_tab_page_ads_util.cc(143)] Successfully saved creative set conversions
--------------------------------------------------------------------------------
[Feb 23, 2026 8:24:05.4 PM GMT:ERROR:creative_new_tab_page_ads_util.cc(158)] Successfully saved creative new tab page ads
[Feb 23, 2026 8:24:05.4 PM GMT:ERROR:creative_new_tab_page_ads_util.cc(143)] Successfully saved creative set conversions
--------------------------------------------------------------------------------
[Feb 26, 2026 4:43:47.5 PM GMT:ERROR:creative_new_tab_page_ads_util.cc(158)] Successfully saved creative new tab page ads
[Feb 26, 2026 4:43:47.5 PM GMT:ERROR:creative_new_tab_page_ads_util.cc(143)] Successfully saved creative set conversions
[Feb 26, 2026 4:43:51.7 PM GMT:ERROR:creative_new_tab_page_ads_util.cc(158)] Successfully saved creative new tab page ads
[Feb 26, 2026 4:43:51.7 PM GMT:ERROR:creative_new_tab_page_ads_util.cc(143)] Successfully saved creative set conversions
--------------------------------------------------------------------------------
[Feb 26, 2026 9:27:46.3 PM GMT:ERROR:creative_new_tab_page_ads_util.cc(158)] Successfully saved creative new tab page ads
[Feb 26, 2026 9:27:46.3 PM GMT:ERROR:creative_new_tab_page_ads_util.cc(143)] Successfully saved creative set conversions
--------------------------------------------------------------------------------
[Feb 26, 2026 9:28:13.6 PM GMT:ERROR:creative_new_tab_page_ads_util.cc(158)] Successfully saved creative new tab page ads
[Feb 26, 2026 9:28:13.6 PM GMT:ERROR:creative_new_tab_page_ads_util.cc(143)] Successfully saved creative set conversions
--------------------------------------------------------------------------------
[Feb 26, 2026 9:30:52.2 PM GMT:ERROR:creative_new_tab_page_ads_util.cc(158)] Successfully saved creative new tab page ads
[Feb 26, 2026 9:30:52.2 PM GMT:ERROR:creative_new_tab_page_ads_util.cc(143)] Successfully saved creative set conversions
--------------------------------------------------------------------------------
[Feb 26, 2026 9:35:43.6 PM GMT:ERROR:creative_new_tab_page_ads_util.cc(158)] Successfully saved creative new tab page ads
[Feb 26, 2026 9:35:43.6 PM GMT:ERROR:creative_new_tab_page_ads_util.cc(143)] Successfully saved creative set conversions
--------------------------------------------------------------------------------
[Feb 26, 2026 9:42:56.3 PM GMT:ERROR:creative_new_tab_page_ads_util.cc(158)] Successfully saved creative new tab page ads
[Feb 26, 2026 9:42:56.3 PM GMT:ERROR:creative_new_tab_page_ads_util.cc(143)] Successfully saved creative set conversions
--------------------------------------------------------------------------------
[Feb 26, 2026 9:46:57.7 PM GMT:ERROR:creative_new_tab_page_ads_util.cc(158)] Successfully saved creative new tab page ads
[Feb 26, 2026 9:46:57.7 PM GMT:ERROR:creative_new_tab_page_ads_util.cc(143)] Successfully saved creative set conversions
--------------------------------------------------------------------------------
[Feb 26, 2026 10:22:17.1 PM GMT:ERROR:creative_new_tab_page_ads_util.cc(158)] Successfully saved creative new tab page ads
[Feb 26, 2026 10:22:17.1 PM GMT:ERROR:creative_new_tab_page_ads_util.cc(143)] Successfully saved creative set conversions
